<?xml version="1.0" encoding="UTF-8"?>
<!-- Generated by org.testng.reporters.JUnitReportReporter -->
<testsuite hostname="ROHIT-PC" name="com.tests.BookingTest" tests="1" failures="0" timestamp="21 Jan 2017 07:44:41 GMT" time="80.881" errors="0">
  <testcase name="testBooking" time="80.881" classname="com.tests.BookingTest"/>
</testsuite> <!-- com.tests.BookingTest -->
